[error] Failed to fetch Firebase Project from Studio Workspace because WORKSPACE_SLUG environment variable is empty
[error] Failed to fetch Firebase Project from Studio Workspace because WORKSPACE_SLUG environment variable is empty
[error] Failed to fetch Firebase Project from Studio Workspace because WORKSPACE_SLUG environment variable is empty
[error] Failed to fetch Firebase Project from Studio Workspace because WORKSPACE_SLUG environment variable is empty
[debug] [2026-02-11T20:12:35.484Z] > command requires scopes: ["email","openid","https://www.googleapis.com/auth/cloudplatformprojects.readonly","https://www.googleapis.com/auth/firebase","https://www.googleapis.com/auth/cloud-platform","https://www.googleapis.com/auth/userinfo.email"]
[debug] [2026-02-11T20:12:35.488Z] > command requires scopes: ["email","openid","https://www.googleapis.com/auth/cloudplatformprojects.readonly","https://www.googleapis.com/auth/firebase","https://www.googleapis.com/auth/cloud-platform","https://www.googleapis.com/auth/userinfo.email"]
[error] Failed to fetch Firebase Project from Studio Workspace because WORKSPACE_SLUG environment variable is empty
[error] Failed to fetch Firebase Project from Studio Workspace because WORKSPACE_SLUG environment variable is empty
[debug] [2026-02-11T20:13:05.734Z] > command requires scopes: ["email","openid","https://www.googleapis.com/auth/cloudplatformprojects.readonly","https://www.googleapis.com/auth/firebase","https://www.googleapis.com/auth/cloud-platform","https://www.googleapis.com/auth/userinfo.email"]
[error] Failed to fetch Firebase Project from Studio Workspace because WORKSPACE_SLUG environment variable is empty
[error] Failed to fetch Firebase Project from Studio Workspace because WORKSPACE_SLUG environment variable is empty
[debug] [2026-02-11T20:13:05.782Z] > command requires scopes: ["email","openid","https://www.googleapis.com/auth/cloudplatformprojects.readonly","https://www.googleapis.com/auth/firebase","https://www.googleapis.com/auth/cloud-platform","https://www.googleapis.com/auth/userinfo.email"]
[error] Failed to fetch Firebase Project from Studio Workspace because WORKSPACE_SLUG environment variable is empty
[error] Failed to fetch Firebase Project from Studio Workspace because WORKSPACE_SLUG environment variable is empty
[error] Failed to fetch Firebase Project from Studio Workspace because WORKSPACE_SLUG environment variable is empty
[error] Failed to fetch Firebase Project from Studio Workspace because WORKSPACE_SLUG environment variable is empty
[debug] [2026-02-11T20:13:34.969Z] > command requires scopes: ["email","openid","https://www.googleapis.com/auth/cloudplatformprojects.readonly","https://www.googleapis.com/auth/firebase","https://www.googleapis.com/auth/cloud-platform","https://www.googleapis.com/auth/userinfo.email"]
[debug] [2026-02-11T20:13:34.974Z] > command requires scopes: ["email","openid","https://www.googleapis.com/auth/cloudplatformprojects.readonly","https://www.googleapis.com/auth/firebase","https://www.googleapis.com/auth/cloud-platform","https://www.googleapis.com/auth/userinfo.email"]
[debug] [2026-02-11T20:13:40.808Z] No OAuth tokens found
[debug] [2026-02-11T20:13:40.812Z] No OAuth tokens found
[debug] [2026-02-11T20:13:40.812Z] > command requires scopes: ["email","openid","https://www.googleapis.com/auth/cloudplatformprojects.readonly","https://www.googleapis.com/auth/firebase","https://www.googleapis.com/auth/cloud-platform","https://www.googleapis.com/auth/userinfo.email"]
[debug] [2026-02-11T20:13:40.813Z] No OAuth tokens found
[debug] [2026-02-11T20:13:40.816Z] No OAuth tokens found
[debug] [2026-02-11T20:13:40.816Z] > command requires scopes: ["email","openid","https://www.googleapis.com/auth/cloudplatformprojects.readonly","https://www.googleapis.com/auth/firebase","https://www.googleapis.com/auth/cloud-platform","https://www.googleapis.com/auth/userinfo.email"]
[debug] [2026-02-11T20:13:40.817Z] No OAuth tokens found
[debug] [2026-02-11T20:13:40.817Z] No OAuth tokens found
[debug] [2026-02-11T20:13:40.817Z] > command requires scopes: ["email","openid","https://www.googleapis.com/auth/cloudplatformprojects.readonly","https://www.googleapis.com/auth/firebase","https://www.googleapis.com/auth/cloud-platform","https://www.googleapis.com/auth/userinfo.email"]
[debug] [2026-02-11T20:13:40.818Z] No OAuth tokens found
[debug] [2026-02-11T20:13:40.823Z] No OAuth tokens found
[debug] [2026-02-11T20:13:40.823Z] > command requires scopes: ["email","openid","https://www.googleapis.com/auth/cloudplatformprojects.readonly","https://www.googleapis.com/auth/firebase","https://www.googleapis.com/auth/cloud-platform","https://www.googleapis.com/auth/userinfo.email"]
[debug] [2026-02-11T20:13:40.824Z] No OAuth tokens found
[debug] [2026-02-11T20:13:40.824Z] No OAuth tokens found
[debug] [2026-02-11T20:13:40.824Z] > command requires scopes: ["email","openid","https://www.googleapis.com/auth/cloudplatformprojects.readonly","https://www.googleapis.com/auth/firebase","https://www.googleapis.com/auth/cloud-platform","https://www.googleapis.com/auth/userinfo.email"]
[debug] [2026-02-11T20:13:40.825Z] No OAuth tokens found
[debug] [2026-02-11T20:13:40.825Z] No OAuth tokens found
[debug] [2026-02-11T20:13:40.825Z] > command requires scopes: ["email","openid","https://www.googleapis.com/auth/cloudplatformprojects.readonly","https://www.googleapis.com/auth/firebase","https://www.googleapis.com/auth/cloud-platform","https://www.googleapis.com/auth/userinfo.email"]
[error] Failed to fetch Firebase Project from Studio Workspace because WORKSPACE_SLUG environment variable is empty
[error] Failed to fetch Firebase Project from Studio Workspace because WORKSPACE_SLUG environment variable is empty
[error] Failed to fetch Firebase Project from Studio Workspace because WORKSPACE_SLUG environment variable is empty
[error] Failed to fetch Firebase Project from Studio Workspace because WORKSPACE_SLUG environment variable is empty
[debug] [2026-02-11T22:02:20.352Z] > command requires scopes: ["email","openid","https://www.googleapis.com/auth/cloudplatformprojects.readonly","https://www.googleapis.com/auth/firebase","https://www.googleapis.com/auth/cloud-platform","https://www.googleapis.com/auth/userinfo.email"]
[debug] [2026-02-11T22:02:20.377Z] > command requires scopes: ["email","openid","https://www.googleapis.com/auth/cloudplatformprojects.readonly","https://www.googleapis.com/auth/firebase","https://www.googleapis.com/auth/cloud-platform","https://www.googleapis.com/auth/userinfo.email"]
[debug] [2026-02-11T22:02:27.104Z] Running auto auth
[debug] [2026-02-11T22:02:27.107Z] Running auto auth
[debug] [2026-02-11T22:02:27.223Z] No OAuth tokens found
[debug] [2026-02-11T22:02:27.236Z] >>> [apiv2][query] GET https://cloudbilling.googleapis.com/v1/projects/riso-project-app/billingInfo [none]
[debug] [2026-02-11T22:02:27.294Z] No OAuth tokens found
[debug] [2026-02-11T22:02:27.301Z] >>> [apiv2][query] GET https://cloudbilling.googleapis.com/v1/projects/riso-project-app/billingInfo [none]
[debug] [2026-02-11T22:02:27.541Z] <<< [apiv2][status] GET https://cloudbilling.googleapis.com/v1/projects/riso-project-app/billingInfo 200
[debug] [2026-02-11T22:02:27.545Z] <<< [apiv2][body] GET https://cloudbilling.googleapis.com/v1/projects/riso-project-app/billingInfo {"name":"projects/riso-project-app/billingInfo","projectId":"riso-project-app","billingAccountName":"billingAccounts/01B444-94B518-9F0B34","billingEnabled":true}
[debug] [2026-02-11T22:02:27.578Z] No OAuth tokens found
[debug] [2026-02-11T22:02:27.607Z] No OAuth tokens found
[debug] [2026-02-11T22:02:27.608Z] No OAuth tokens found
[debug] [2026-02-11T22:02:27.609Z] >>> [apiv2][query] GET https://serviceusage.googleapis.com/v1/projects/riso-project-app/services/firebasedataconnect.googleapis.com [none]
[debug] [2026-02-11T22:02:27.609Z] >>> [apiv2][(partial)header] GET https://serviceusage.googleapis.com/v1/projects/riso-project-app/services/firebasedataconnect.googleapis.com  x-goog-user-project=riso-project-app
[debug] [2026-02-11T22:02:27.612Z] >>> [apiv2][query] GET https://serviceusage.googleapis.com/v1/projects/riso-project-app/services/firebaseapphosting.googleapis.com [none]
[debug] [2026-02-11T22:02:27.612Z] >>> [apiv2][(partial)header] GET https://serviceusage.googleapis.com/v1/projects/riso-project-app/services/firebaseapphosting.googleapis.com  x-goog-user-project=riso-project-app
[debug] [2026-02-11T22:02:27.615Z] >>> [apiv2][query] GET https://serviceusage.googleapis.com/v1/projects/riso-project-app/services/firebaseio.com [none]
[debug] [2026-02-11T22:02:27.615Z] >>> [apiv2][(partial)header] GET https://serviceusage.googleapis.com/v1/projects/riso-project-app/services/firebaseio.com  x-goog-user-project=riso-project-app
[debug] [2026-02-11T22:02:28.058Z] <<< [apiv2][status] GET https://cloudbilling.googleapis.com/v1/projects/riso-project-app/billingInfo 200
[debug] [2026-02-11T22:02:28.062Z] <<< [apiv2][body] GET https://cloudbilling.googleapis.com/v1/projects/riso-project-app/billingInfo {"name":"projects/riso-project-app/billingInfo","projectId":"riso-project-app","billingAccountName":"billingAccounts/01B444-94B518-9F0B34","billingEnabled":true}
[debug] [2026-02-11T22:02:28.070Z] No OAuth tokens found
[debug] [2026-02-11T22:02:28.148Z] No OAuth tokens found
[debug] [2026-02-11T22:02:28.153Z] No OAuth tokens found
[debug] [2026-02-11T22:02:28.154Z] >>> [apiv2][query] GET https://serviceusage.googleapis.com/v1/projects/riso-project-app/services/firebasedataconnect.googleapis.com [none]
[debug] [2026-02-11T22:02:28.156Z] >>> [apiv2][(partial)header] GET https://serviceusage.googleapis.com/v1/projects/riso-project-app/services/firebasedataconnect.googleapis.com  x-goog-user-project=riso-project-app
[debug] [2026-02-11T22:02:28.168Z] >>> [apiv2][query] GET https://serviceusage.googleapis.com/v1/projects/riso-project-app/services/firebaseapphosting.googleapis.com [none]
[debug] [2026-02-11T22:02:28.171Z] >>> [apiv2][(partial)header] GET https://serviceusage.googleapis.com/v1/projects/riso-project-app/services/firebaseapphosting.googleapis.com  x-goog-user-project=riso-project-app
[debug] [2026-02-11T22:02:28.181Z] >>> [apiv2][query] GET https://serviceusage.googleapis.com/v1/projects/riso-project-app/services/firebaseio.com [none]
[debug] [2026-02-11T22:02:28.181Z] >>> [apiv2][(partial)header] GET https://serviceusage.googleapis.com/v1/projects/riso-project-app/services/firebaseio.com  x-goog-user-project=riso-project-app
[debug] [2026-02-11T22:02:28.529Z] <<< [apiv2][status] GET https://serviceusage.googleapis.com/v1/projects/riso-project-app/services/firebaseio.com 403
[debug] [2026-02-11T22:02:28.529Z] <<< [apiv2][body] GET https://serviceusage.googleapis.com/v1/projects/riso-project-app/services/firebaseio.com [omitted]
[debug] [2026-02-11T22:02:28.590Z] <<< [apiv2][status] GET https://serviceusage.googleapis.com/v1/projects/riso-project-app/services/firebasedataconnect.googleapis.com 200
[debug] [2026-02-11T22:02:28.590Z] <<< [apiv2][body] GET https://serviceusage.googleapis.com/v1/projects/riso-project-app/services/firebasedataconnect.googleapis.com [omitted]
[debug] [2026-02-11T22:02:28.643Z] <<< [apiv2][status] GET https://serviceusage.googleapis.com/v1/projects/riso-project-app/services/firebaseapphosting.googleapis.com 200
[debug] [2026-02-11T22:02:28.649Z] <<< [apiv2][body] GET https://serviceusage.googleapis.com/v1/projects/riso-project-app/services/firebaseapphosting.googleapis.com [omitted]
[debug] [2026-02-11T22:02:28.933Z] <<< [apiv2][status] GET https://serviceusage.googleapis.com/v1/projects/riso-project-app/services/firebaseio.com 403
[debug] [2026-02-11T22:02:28.933Z] <<< [apiv2][body] GET https://serviceusage.googleapis.com/v1/projects/riso-project-app/services/firebaseio.com [omitted]
[debug] [2026-02-11T22:02:29.014Z] <<< [apiv2][status] GET https://serviceusage.googleapis.com/v1/projects/riso-project-app/services/firebaseapphosting.googleapis.com 200
[debug] [2026-02-11T22:02:29.014Z] <<< [apiv2][body] GET https://serviceusage.googleapis.com/v1/projects/riso-project-app/services/firebaseapphosting.googleapis.com [omitted]
[debug] [2026-02-11T22:02:29.052Z] <<< [apiv2][status] GET https://serviceusage.googleapis.com/v1/projects/riso-project-app/services/firebasedataconnect.googleapis.com 200
[debug] [2026-02-11T22:02:29.052Z] <<< [apiv2][body] GET https://serviceusage.googleapis.com/v1/projects/riso-project-app/services/firebasedataconnect.googleapis.com [omitted]
[error] Failed to fetch Firebase Project from Studio Workspace because WORKSPACE_SLUG environment variable is empty
[error] Failed to fetch Firebase Project from Studio Workspace because WORKSPACE_SLUG environment variable is empty
[error] Failed to fetch Firebase Project from Studio Workspace because WORKSPACE_SLUG environment variable is empty
[debug] [2026-02-11T22:02:29.103Z] > command requires scopes: ["email","openid","https://www.googleapis.com/auth/cloudplatformprojects.readonly","https://www.googleapis.com/auth/firebase","https://www.googleapis.com/auth/cloud-platform","https://www.googleapis.com/auth/userinfo.email"]
[debug] [2026-02-11T22:02:29.103Z] > authorizing via signed-in user (antonio.scuderi@gmail.com)
[debug] [2026-02-11T22:02:29.103Z] No OAuth tokens found
[debug] [2026-02-11T22:02:29.104Z] >>> [apiv2][query] GET https://cloudbilling.googleapis.com/v1/projects/riso-project-app/billingInfo [none]
[debug] [2026-02-11T22:02:29.345Z] <<< [apiv2][status] GET https://cloudbilling.googleapis.com/v1/projects/riso-project-app/billingInfo 200
[debug] [2026-02-11T22:02:29.348Z] <<< [apiv2][body] GET https://cloudbilling.googleapis.com/v1/projects/riso-project-app/billingInfo {"name":"projects/riso-project-app/billingInfo","projectId":"riso-project-app","billingAccountName":"billingAccounts/01B444-94B518-9F0B34","billingEnabled":true}
[error] Failed to fetch Firebase Project from Studio Workspace because WORKSPACE_SLUG environment variable is empty
[debug] [2026-02-11T22:02:29.367Z] > command requires scopes: ["email","openid","https://www.googleapis.com/auth/cloudplatformprojects.readonly","https://www.googleapis.com/auth/firebase","https://www.googleapis.com/auth/cloud-platform","https://www.googleapis.com/auth/userinfo.email"]
[debug] [2026-02-11T22:02:29.368Z] > authorizing via signed-in user (antonio.scuderi@gmail.com)
[error] Failed to fetch Firebase Project from Studio Workspace because WORKSPACE_SLUG environment variable is empty
[error] Failed to fetch Firebase Project from Studio Workspace because WORKSPACE_SLUG environment variable is empty
[error] Failed to fetch Firebase Project from Studio Workspace because WORKSPACE_SLUG environment variable is empty
[debug] [2026-02-11T22:02:29.476Z] > command requires scopes: ["email","openid","https://www.googleapis.com/auth/cloudplatformprojects.readonly","https://www.googleapis.com/auth/firebase","https://www.googleapis.com/auth/cloud-platform","https://www.googleapis.com/auth/userinfo.email"]
[debug] [2026-02-11T22:02:29.476Z] > authorizing via signed-in user (antonio.scuderi@gmail.com)
[debug] [2026-02-11T22:02:29.477Z] No OAuth tokens found
[debug] [2026-02-11T22:02:29.479Z] >>> [apiv2][query] GET https://cloudbilling.googleapis.com/v1/projects/riso-project-app/billingInfo [none]
[error] Failed to fetch Firebase Project from Studio Workspace because WORKSPACE_SLUG environment variable is empty
[error] Failed to fetch Firebase Project from Studio Workspace because WORKSPACE_SLUG environment variable is empty
[error] Failed to fetch Firebase Project from Studio Workspace because WORKSPACE_SLUG environment variable is empty
[debug] [2026-02-11T22:02:29.496Z] > command requires scopes: ["email","openid","https://www.googleapis.com/auth/cloudplatformprojects.readonly","https://www.googleapis.com/auth/firebase","https://www.googleapis.com/auth/cloud-platform","https://www.googleapis.com/auth/userinfo.email"]
[debug] [2026-02-11T22:02:29.496Z] > authorizing via signed-in user (antonio.scuderi@gmail.com)
[debug] [2026-02-11T22:02:29.496Z] No OAuth tokens found
[debug] [2026-02-11T22:02:29.497Z] >>> [apiv2][query] GET https://cloudbilling.googleapis.com/v1/projects/riso-project-app/billingInfo [none]
[debug] [2026-02-11T22:02:29.675Z] <<< [apiv2][status] GET https://cloudbilling.googleapis.com/v1/projects/riso-project-app/billingInfo 200
[debug] [2026-02-11T22:02:29.675Z] <<< [apiv2][body] GET https://cloudbilling.googleapis.com/v1/projects/riso-project-app/billingInfo {"name":"projects/riso-project-app/billingInfo","projectId":"riso-project-app","billingAccountName":"billingAccounts/01B444-94B518-9F0B34","billingEnabled":true}
[error] Failed to fetch Firebase Project from Studio Workspace because WORKSPACE_SLUG environment variable is empty
[debug] [2026-02-11T22:02:29.696Z] > command requires scopes: ["email","openid","https://www.googleapis.com/auth/cloudplatformprojects.readonly","https://www.googleapis.com/auth/firebase","https://www.googleapis.com/auth/cloud-platform","https://www.googleapis.com/auth/userinfo.email"]
[debug] [2026-02-11T22:02:29.699Z] > authorizing via signed-in user (antonio.scuderi@gmail.com)
[debug] [2026-02-11T22:02:30.329Z] <<< [apiv2][status] GET https://cloudbilling.googleapis.com/v1/projects/riso-project-app/billingInfo 200
[debug] [2026-02-11T22:02:30.329Z] <<< [apiv2][body] GET https://cloudbilling.googleapis.com/v1/projects/riso-project-app/billingInfo {"name":"projects/riso-project-app/billingInfo","projectId":"riso-project-app","billingAccountName":"billingAccounts/01B444-94B518-9F0B34","billingEnabled":true}
[error] Failed to fetch Firebase Project from Studio Workspace because WORKSPACE_SLUG environment variable is empty
[debug] [2026-02-11T22:02:30.332Z] > command requires scopes: ["email","openid","https://www.googleapis.com/auth/cloudplatformprojects.readonly","https://www.googleapis.com/auth/firebase","https://www.googleapis.com/auth/cloud-platform","https://www.googleapis.com/auth/userinfo.email"]
[debug] [2026-02-11T22:02:30.332Z] > authorizing via signed-in user (antonio.scuderi@gmail.com)
